This is pdfTeX, Version 3.141592653-2.6-1.40.27 (TeX Live 2025/Arch Linux) (preloaded format=pdflatex 2025.3.12)  17 MAR 2025 09:16
entering extended mode
 restricted \write18 enabled.
 %&-line parsing enabled.
**Report.tex
(./Report.tex
LaTeX2e <2024-11-01> patch level 2
L3 programming layer <2025-01-18>
(/usr/share/texmf-dist/tex/latex/revtex/revtex4-2.cls
Document Class: revtex4-2 2022/06/05 4.2f (https://journals.aps.org/revtex/ for documentation)
 Copyright (c) 2019 American Physical Society.
 mailto:revtex@aps.org
 Licensed under the LPPL:
http://www.ctan.org/tex-archive/macros/latex/base/lppl.txt
 Arthur Ogawa <arthur_ogawa at sbcglobal dot net>
 Based on work by David Carlisle <david at dcarlisle.demon.co.uk>
 Version (4.2d--4.2f): Modified by Mark Doyle and Phelype Oleinik
 .
ltxutil[2022/06/05 4.2f utilities package (portions licensed from W. E. Baxter web at superscript.com)]
LaTeX Info: Redefining \@centercr on input line 356.
Class revtex4-2 Info: Repairing broken LaTeX eqnarray on input line 417.
\eqncolsep=\skip49
Class revtex4-2 Info: Repairing hyperref-unfriendly LaTeX definition of \mpfootnote on input line 492.
Class revtex4-2 Info: Repairing broken LateX \@sect on input line 814.
\intertabularlinepenalty=\count196
\@tbpen=\count197
\@arstrutbox@hline=\box52
Class revtex4-2 Info: Repairing broken LaTeX \@xbitor on input line 1845.
Class revtex4-2 Info: Making \typeout \long on input line 2110.
ltxfront[2022/06/05 4.2f frontmatter package (AO,DPC,MD)]
\c@affil=\count198
\c@collab=\count199
\absbox=\box53
ltxgrid[2022/06/05 4.2f page grid package (portions licensed from W. E. Baxter web at superscript.com)]
\c@linecount=\count266
\output@latex=\toks17
\box@size@1=\box54
\box@size@2=\box55
\@protection@box=\box56
\@topmark@saved=\toks18
\footins@saved=\box57
\footins@recovered=\box58
\column@recovered=\box59
\pagesofar=\box60
\footsofar=\box61
\pagegrid@col=\count267
Class revtex4-2 Info: Overriding \@vspace, \@vspacer, \@no@pgbk, \@newline, and \\  on input line 5676.
\c@part=\count268
\c@section=\count269
\c@subsection=\count270
\c@subsubsection=\count271
\c@paragraph=\count272
\c@subparagraph=\count273
\abovecaptionskip=\skip50
\belowcaptionskip=\skip51
\c@figure=\count274
\fbox@1=\box62
\c@table=\count275
\fbox@2=\box63
\c@video=\count276
\fbox@4=\box64
\@bibdataout=\write3
\widetext@top=\box65
\widetext@bot=\box66
Class revtex4-2 Info: Selecting society aps on input line 7669.
(/usr/share/texmf-dist/tex/latex/revtex/aps4-2.rtx
File: aps4-2 2022/06/05 4.2f (https://journals.aps.org/revtex/ for documentation)
Class revtex4-2 Info: RevTeX society APS selected on input line 40.
)
Class revtex4-2 Info: Selecting journal prb on input line 7671.
Class revtex4-2 Info: APS journal PRB selected on input line 7672.


Class revtex4-2 Warning: No type size specified, using default 10.

(/usr/share/texmf-dist/tex/latex/revtex/aps10pt4-2.rtx
File: aps10pt4-2 2022/06/05 4.2f (https://journals.aps.org/revtex/ for documentation)
Class revtex4-2 Info: RevTeX pointsize 10pt selected on input line 39.
) (/usr/share/texmf-dist/tex/latex/textcase/textcase.sty
Package: textcase 2025/02/16 v1.05 Text only upper/lower case changing (DPC)
Package textcase Info: Defining Legacy names on input line 20.
) (/usr/share/texmf-dist/tex/latex/url/url.sty
\Urlmuskip=\muskip17
Package: url 2013/09/16  ver 3.4  Verb mode for urls, etc.
) (/usr/share/texmf-dist/tex/latex/natbib/natbib.sty
Package: natbib 2010/09/13 8.31b (PWD, AO)
\bibhang=\skip52
\bibsep=\skip53
LaTeX Info: Redefining \cite on input line 694.
\c@NAT@ctr=\count277
)
Class revtex4-2 Info: Repairing natbib's \BibitemShut on input line 7676.
 (/usr/share/texmf-dist/tex/latex/revtex/revsymb4-2.sty
Package: revsymb4-2 2022/06/05 4.2f (https://journals.aps.org/revtex/ for documentation)
LaTeX Info: Redefining \REV@mathfrak on input line 128.
)) (/usr/share/texmf-dist/tex/latex/graphics/graphicx.sty
Package: graphicx 2021/09/16 v1.2d Enhanced LaTeX Graphics (DPC,SPQR)
 (/usr/share/texmf-dist/tex/latex/graphics/keyval.sty
Package: keyval 2022/05/29 v1.15 key=value parser (DPC)
\KV@toks@=\toks19
) (/usr/share/texmf-dist/tex/latex/graphics/graphics.sty
Package: graphics 2024/08/06 v1.4g Standard LaTeX Graphics (DPC,SPQR)
 (/usr/share/texmf-dist/tex/latex/graphics/trig.sty
Package: trig 2023/12/02 v1.11 sin cos tan (DPC)
) (/usr/share/texmf-dist/tex/latex/graphics-cfg/graphics.cfg
File: graphics.cfg 2016/06/04 v1.11 sample graphics configuration
)
Package graphics Info: Driver file: pdftex.def on input line 106.
 (/usr/share/texmf-dist/tex/latex/graphics-def/pdftex.def
File: pdftex.def 2024/04/13 v1.2c Graphics/color driver for pdftex
))
\Gin@req@height=\dimen141
\Gin@req@width=\dimen142
) (/usr/share/texmf-dist/tex/latex/hyperref/hyperref.sty
Package: hyperref 2024-11-05 v7.01l Hypertext links for LaTeX
 (/usr/share/texmf-dist/tex/generic/iftex/iftex.sty
Package: iftex 2024/12/12 v1.0g TeX engine tests
) (/usr/share/texmf-dist/tex/latex/kvsetkeys/kvsetkeys.sty
Package: kvsetkeys 2022-10-05 v1.19 Key value parser (HO)
) (/usr/share/texmf-dist/tex/generic/kvdefinekeys/kvdefinekeys.sty
Package: kvdefinekeys 2019-12-19 v1.6 Define keys (HO)
) (/usr/share/texmf-dist/tex/generic/pdfescape/pdfescape.sty
Package: pdfescape 2019/12/09 v1.15 Implements pdfTeX's escape features (HO)
 (/usr/share/texmf-dist/tex/generic/ltxcmds/ltxcmds.sty
Package: ltxcmds 2023-12-04 v1.26 LaTeX kernel commands for general use (HO)
) (/usr/share/texmf-dist/tex/generic/pdftexcmds/pdftexcmds.sty
Package: pdftexcmds 2020-06-27 v0.33 Utility functions of pdfTeX for LuaTeX (HO)
 (/usr/share/texmf-dist/tex/generic/infwarerr/infwarerr.sty
Package: infwarerr 2019/12/03 v1.5 Providing info/warning/error messages (HO)
)
Package pdftexcmds Info: \pdf@primitive is available.
Package pdftexcmds Info: \pdf@ifprimitive is available.
Package pdftexcmds Info: \pdfdraftmode found.
)) (/usr/share/texmf-dist/tex/latex/hycolor/hycolor.sty
Package: hycolor 2020-01-27 v1.10 Color options for hyperref/bookmark (HO)
) (/usr/share/texmf-dist/tex/latex/hyperref/nameref.sty
Package: nameref 2023-11-26 v2.56 Cross-referencing by name of section
 (/usr/share/texmf-dist/tex/latex/refcount/refcount.sty
Package: refcount 2019/12/15 v3.6 Data extraction from label references (HO)
) (/usr/share/texmf-dist/tex/generic/gettitlestring/gettitlestring.sty
Package: gettitlestring 2019/12/15 v1.6 Cleanup title references (HO)
 (/usr/share/texmf-dist/tex/latex/kvoptions/kvoptions.sty
Package: kvoptions 2022-06-15 v3.15 Key value format for package options (HO)
))

Package nameref Warning: The definition of \label has changed! 
(nameref)                Check your packages! 
(nameref)                Replacing it with the kernel definition on input line 149.

\c@section@level=\count278
) (/usr/share/texmf-dist/tex/latex/etoolbox/etoolbox.sty
Package: etoolbox 2025/02/11 v2.5l e-TeX tools for LaTeX (JAW)
\etb@tempcnta=\count279
) (/usr/share/texmf-dist/tex/generic/stringenc/stringenc.sty
Package: stringenc 2019/11/29 v1.12 Convert strings between diff. encodings (HO)
)
\@linkdim=\dimen143
\Hy@linkcounter=\count280
\Hy@pagecounter=\count281
 (/usr/share/texmf-dist/tex/latex/hyperref/pd1enc.def
File: pd1enc.def 2024-11-05 v7.01l Hyperref: PDFDocEncoding definition (HO)
Now handling font encoding PD1 ...
... no UTF-8 mapping file for font encoding PD1
) (/usr/share/texmf-dist/tex/generic/intcalc/intcalc.sty
Package: intcalc 2019/12/15 v1.3 Expandable calculations with integers (HO)
)
\Hy@SavedSpaceFactor=\count282
 (/usr/share/texmf-dist/tex/latex/hyperref/puenc.def
File: puenc.def 2024-11-05 v7.01l Hyperref: PDF Unicode definition (HO)
Now handling font encoding PU ...
... no UTF-8 mapping file for font encoding PU
)
Package hyperref Info: Hyper figures OFF on input line 4157.
Package hyperref Info: Link nesting OFF on input line 4162.
Package hyperref Info: Hyper index ON on input line 4165.
Package hyperref Info: Plain pages OFF on input line 4172.
Package hyperref Info: Backreferencing OFF on input line 4177.
Package hyperref Info: Implicit mode ON; LaTeX internals redefined.
Package hyperref Info: Bookmarks ON on input line 4424.
LaTeX Info: Redefining \href on input line 4674.
\c@Hy@tempcnt=\count283
LaTeX Info: Redefining \url on input line 4763.
\XeTeXLinkMargin=\dimen144
 (/usr/share/texmf-dist/tex/generic/bitset/bitset.sty
Package: bitset 2019/12/09 v1.3 Handle bit-vector datatype (HO)
 (/usr/share/texmf-dist/tex/generic/bigintcalc/bigintcalc.sty
Package: bigintcalc 2019/12/15 v1.5 Expandable calculations on big integers (HO)
))
\Fld@menulength=\count284
\Field@Width=\dimen145
\Fld@charsize=\dimen146
Package hyperref Info: Hyper figures OFF on input line 6042.
Package hyperref Info: Link nesting OFF on input line 6047.
Package hyperref Info: Hyper index ON on input line 6050.
Package hyperref Info: backreferencing OFF on input line 6057.
Package hyperref Info: Link coloring OFF on input line 6062.
Package hyperref Info: Link coloring with OCG OFF on input line 6067.
Package hyperref Info: PDF/A mode OFF on input line 6072.
 (/usr/share/texmf-dist/tex/latex/base/atbegshi-ltx.sty
Package: atbegshi-ltx 2021/01/10 v1.0c Emulation of the original atbegshi
package with kernel methods
)
\Hy@abspage=\count285
\c@Item=\count286
\c@Hfootnote=\count287
)
Package hyperref Info: Driver (autodetected): hpdftex.
 (/usr/share/texmf-dist/tex/latex/hyperref/hpdftex.def
File: hpdftex.def 2024-11-05 v7.01l Hyperref driver for pdfTeX
 (/usr/share/texmf-dist/tex/latex/base/atveryend-ltx.sty
Package: atveryend-ltx 2020/08/19 v1.0a Emulation of the original atveryend package
with kernel methods
)
\Fld@listcount=\count288
\c@bookmark@seq@number=\count289
 (/usr/share/texmf-dist/tex/latex/rerunfilecheck/rerunfilecheck.sty
Package: rerunfilecheck 2022-07-10 v1.10 Rerun checks for auxiliary files (HO)
 (/usr/share/texmf-dist/tex/generic/uniquecounter/uniquecounter.sty
Package: uniquecounter 2019/12/15 v1.4 Provide unlimited unique counter (HO)
)
Package uniquecounter Info: New unique counter `rerunfilecheck' on input line 285.
)
\Hy@SectionHShift=\skip54
) (/usr/share/texmf-dist/tex/latex/wrapfig/wrapfig.sty
\wrapoverhang=\dimen147
\WF@size=\dimen148
\c@WF@wrappedlines=\count290
\WF@box=\box67
\WF@everypar=\toks20
Package: wrapfig 2003/01/31  v 3.6
) (/usr/share/texmf-dist/tex/latex/amsmath/amsmath.sty
Package: amsmath 2024/11/05 v2.17t AMS math features
\@mathmargin=\skip55

For additional information on amsmath, use the `?' option.
(/usr/share/texmf-dist/tex/latex/amsmath/amstext.sty
Package: amstext 2021/08/26 v2.01 AMS text
 (/usr/share/texmf-dist/tex/latex/amsmath/amsgen.sty
File: amsgen.sty 1999/11/30 v2.0 generic functions
\@emptytoks=\toks21
\ex@=\dimen149
)
LaTeX Info: Redefining \text on input line 28.
) (/usr/share/texmf-dist/tex/latex/amsmath/amsbsy.sty
Package: amsbsy 1999/11/29 v1.2d Bold Symbols
\pmbraise@=\dimen150
) (/usr/share/texmf-dist/tex/latex/amsmath/amsopn.sty
Package: amsopn 2022/04/08 v2.04 operator names
)
\inf@bad=\count291
LaTeX Info: Redefining \frac on input line 233.
\uproot@=\count292
\leftroot@=\count293
LaTeX Info: Redefining \overline on input line 398.
LaTeX Info: Redefining \colon on input line 409.
\classnum@=\count294
\DOTSCASE@=\count295
LaTeX Info: Redefining \ldots on input line 495.
LaTeX Info: Redefining \dots on input line 498.
LaTeX Info: Redefining \cdots on input line 619.
\Mathstrutbox@=\box68
\strutbox@=\box69
LaTeX Info: Redefining \big on input line 721.
LaTeX Info: Redefining \Big on input line 722.
LaTeX Info: Redefining \bigg on input line 723.
LaTeX Info: Redefining \Bigg on input line 724.
\big@size=\dimen151
LaTeX Font Info:    Redeclaring font encoding OML on input line 742.
LaTeX Font Info:    Redeclaring font encoding OMS on input line 743.
\macc@depth=\count296
LaTeX Info: Redefining \bmod on input line 904.
LaTeX Info: Redefining \pmod on input line 909.
LaTeX Info: Redefining \smash on input line 939.
LaTeX Info: Redefining \relbar on input line 969.
LaTeX Info: Redefining \Relbar on input line 970.
\c@MaxMatrixCols=\count297
\dotsspace@=\muskip18
\c@parentequation=\count298
\dspbrk@lvl=\count299
\tag@help=\toks22
\row@=\count300
\column@=\count301
\maxfields@=\count302
\andhelp@=\toks23
\eqnshift@=\dimen152
\alignsep@=\dimen153
\tagshift@=\dimen154
\tagwidth@=\dimen155
\totwidth@=\dimen156
\lineht@=\dimen157
\@envbody=\toks24
\multlinegap=\skip56
\multlinetaggap=\skip57
\mathdisplay@stack=\toks25
LaTeX Info: Redefining \[ on input line 2953.
LaTeX Info: Redefining \] on input line 2954.
)
Package hyperref Info: Option `colorlinks' set `true' on input line 14.
Class revtex4-2 Info: Unrecognized LaTeX tabular. Please update this document class! (Proceeding with fingers crossed.) on input line 16.
Class revtex4-2 Info: cite was not loaded (OK!) on input line 16.
Class revtex4-2 Info: mcite was not loaded (OK!) on input line 16.
Class revtex4-2 Info: multicol was not loaded (OK!) on input line 16.
 (/usr/share/texmf-dist/tex/latex/l3backend/l3backend-pdftex.def
File: l3backend-pdftex.def 2024-05-08 L3 backend support: PDF output (pdfTeX)
\l__color_backend_stack_int=\count303
\l__pdf_internal_box=\box70
) (./Report.aux)
\openout1 = `Report.aux'.

LaTeX Font Info:    Checking defaults for OML/cmm/m/it on input line 16.
LaTeX Font Info:    ... okay on input line 16.
LaTeX Font Info:    Checking defaults for OMS/cmsy/m/n on input line 16.
LaTeX Font Info:    ... okay on input line 16.
LaTeX Font Info:    Checking defaults for OT1/cmr/m/n on input line 16.
LaTeX Font Info:    ... okay on input line 16.
LaTeX Font Info:    Checking defaults for T1/cmr/m/n on input line 16.
LaTeX Font Info:    ... okay on input line 16.
LaTeX Font Info:    Checking defaults for TS1/cmr/m/n on input line 16.
LaTeX Font Info:    ... okay on input line 16.
LaTeX Font Info:    Checking defaults for OMX/cmex/m/n on input line 16.
LaTeX Font Info:    ... okay on input line 16.
LaTeX Font Info:    Checking defaults for U/cmr/m/n on input line 16.
LaTeX Font Info:    ... okay on input line 16.
LaTeX Font Info:    Checking defaults for PD1/pdf/m/n on input line 16.
LaTeX Font Info:    ... okay on input line 16.
LaTeX Font Info:    Checking defaults for PU/pdf/m/n on input line 16.
LaTeX Font Info:    ... okay on input line 16.
 (/usr/share/texmf-dist/tex/context/base/mkii/supp-pdf.mkii
[Loading MPS to PDF converter (version 2006.09.02).]
\scratchcounter=\count304
\scratchdimen=\dimen158
\scratchbox=\box71
\nofMPsegments=\count305
\nofMParguments=\count306
\everyMPshowfont=\toks26
\MPscratchCnt=\count307
\MPscratchDim=\dimen159
\MPnumerator=\count308
\makeMPintoPDFobject=\count309
\everyMPtoPDFconversion=\toks27
) (/usr/share/texmf-dist/tex/latex/epstopdf-pkg/epstopdf-base.sty
Package: epstopdf-base 2020-01-24 v2.11 Base part for package epstopdf
 (/usr/share/texmf-dist/tex/latex/grfext/grfext.sty
Package: grfext 2019/12/03 v1.3 Manage graphics extensions (HO)
)
Package epstopdf-base Info: Redefining graphics rule for `.eps' on input line 485.
Package grfext Info: Graphics extension search list:
(grfext)             [.pdf,.png,.jpg,.mps,.jpeg,.jbig2,.jb2,.PDF,.PNG,.JPG,.JPEG,.JBIG2,.JB2,.eps]
(grfext)             \AppendGraphicsExtensions on input line 504.
 (/usr/share/texmf-dist/tex/latex/latexconfig/epstopdf-sys.cfg
File: epstopdf-sys.cfg 2010/07/13 v1.3 Configuration of (r)epstopdf for TeX Live
)) (/usr/share/texmf-dist/tex/latex/graphics/color.sty
Package: color 2024/06/23 v1.3e Standard LaTeX Color (DPC)
 (/usr/share/texmf-dist/tex/latex/graphics-cfg/color.cfg
File: color.cfg 2016/01/02 v1.6 sample color configuration
)
Package color Info: Driver file: pdftex.def on input line 149.
 (/usr/share/texmf-dist/tex/latex/graphics/mathcolor.ltx))
Package hyperref Info: Link coloring ON on input line 16.
 (./Report.out) (./Report.out)
\@outlinefile=\write4
\openout4 = `Report.out'.

Class revtex4-2 Info: Taking \maketitle back from hyperref on input line 16.
\openout3 = `ReportNotes.bib'.

<Figures/Bragg_diffraction_2.svg.png, id=60, 843.90282pt x 589.4522pt>
File: Figures/Bragg_diffraction_2.svg.png Graphic file (type png)
<use Figures/Bragg_diffraction_2.svg.png>
Package pdftex.def Info: Figures/Bragg_diffraction_2.svg.png  used on input line 75.
(pdftex.def)             Requested size: 221.3985pt x 154.63907pt.
<Figures/Interferenz-Erscheinungen_bei_Röntgenstrahlen_Tafel_II_Fig._5.jpg, id=64, 1027.84pt x 1049.9225pt>
File: Figures/Interferenz-Erscheinungen_bei_Röntgenstrahlen_Tafel_II_Fig._5.jpg Graphic file (type jpg)
<use Figures/Interferenz-Erscheinungen_bei_Röntgenstrahlen_Tafel_II_Fig._5.jpg>
Package pdftex.def Info: Figures/Interferenz-Erscheinungen_bei_Röntgenstrahlen_Tafel_II_Fig._5.jpg  used on input line 84.
(pdftex.def)             Requested size: 221.3985pt x 226.14546pt.


LaTeX Warning: `h' float specifier changed to `ht'.

[1{/var/lib/texmf/fonts/map/pdftex/updmap/pdftex.map} <./Figures/Bragg_diffraction_2.svg.png>]

LaTeX Warning: A float is stuck (cannot be placed); try class option [floatfix] on input line 112.

<Figures/XRaySourceBrilliance.png, id=96, 828.84656pt x 654.94687pt>
File: Figures/XRaySourceBrilliance.png Graphic file (type png)
<use Figures/XRaySourceBrilliance.png>
Package pdftex.def Info: Figures/XRaySourceBrilliance.png  used on input line 164.
(pdftex.def)             Requested size: 221.3985pt x 174.93922pt.
<Figures/800px-Undulator.png, id=99, 803.0pt x 505.89pt>
File: Figures/800px-Undulator.png Graphic file (type png)
<use Figures/800px-Undulator.png>
Package pdftex.def Info: Figures/800px-Undulator.png  used on input line 175.
(pdftex.def)             Requested size: 221.3985pt x 139.47911pt.

LaTeX Warning: `h' float specifier changed to `ht'.

[2 <./Figures/Interferenz-Erscheinungen_bei_Röntgenstrahlen_Tafel_II_Fig._5.jpg> <./Figures/XRaySourceBrilliance.png>]

LaTeX Warning: A float is stuck (cannot be placed); try class option [floatfix] on input line 196.


Package natbib Warning: Citation `Properties of Undulator Radiation - CERN' on page 3 undefined on input line 223.


Package natbib Warning: Citation `CERN' on page 3 undefined on input line 240.

[3 <./Figures/800px-Undulator.png>] (./Report.bbl
Underfull \hbox (badness 4805) in paragraph at lines 60--61
 []\OT1/cmr/m/n/9 K^^?oniglich Bay-erische Akademie der Wis-senschaften.
 []

)

Package natbib Warning: There were undefined citations.

[4] (./Report.aux)
 ***********
LaTeX2e <2024-11-01> patch level 2
L3 programming layer <2025-01-18>
 ***********


LaTeX Warning: Label(s) may have changed. Rerun to get cross-references right.


Package rerunfilecheck Warning: File `Report.out' has changed.
(rerunfilecheck)                Rerun to get outlines right
(rerunfilecheck)                or use package `bookmark'.

Package rerunfilecheck Info: Checksums for `Report.out':
(rerunfilecheck)             Before: A1F5346286C22C3B9D761D73F1B9B125;1964
(rerunfilecheck)             After:  16038588216407CABEB5F33DFB1C5193;2341.
 ) 
Here is how much of TeX's memory you used:
 11407 strings out of 475171
 171249 string characters out of 5767103
 596922 words of memory out of 5000000
 34241 multiletter control sequences out of 15000+600000
 564565 words of font info for 56 fonts, out of 8000000 for 9000
 14 hyphenation exceptions out of 8191
 75i,9n,79p,546b,519s stack positions out of 10000i,1000n,20000p,200000b,200000s
 </home/slavoie/.texlive/texmf-var/fonts/pk/ljfour/jknappen/ec/tcrm1000.600pk></usr/share/texmf-dist/fonts/type1/public/amsfonts/cm/cmbx10.pfb></usr/share/texmf-dist/fonts/type1/public/amsfonts/cm/cmbx12.pfb></usr/share/texmf-dist/fonts/type1/public/amsfonts/cm/cmbx7.pfb></usr/share/texmf-dist/fonts/type1/public/amsfonts/cm/cmbx9.pfb></usr/share/texmf-dist/fonts/type1/public/amsfonts/cm/cmex10.pfb></usr/share/texmf-dist/fonts/type1/public/amsfonts/cm/cmmi10.pfb></usr/share/texmf-dist/fonts/type1/public/amsfonts/cm/cmmi6.pfb></usr/share/texmf-dist/fonts/type1/public/amsfonts/cm/cmmi7.pfb></usr/share/texmf-dist/fonts/type1/public/amsfonts/cm/cmmi9.pfb></usr/share/texmf-dist/fonts/type1/public/amsfonts/cm/cmr10.pfb></usr/share/texmf-dist/fonts/type1/public/amsfonts/cm/cmr5.pfb></usr/share/texmf-dist/fonts/type1/public/amsfonts/cm/cmr6.pfb></usr/share/texmf-dist/fonts/type1/public/amsfonts/cm/cmr7.pfb></usr/share/texmf-dist/fonts/type1/public/amsfonts/cm/cmr9.pfb></usr/share/texmf-dist/fonts/type1/public/amsfonts/cm/cmsy10.pfb></usr/share/texmf-dist/fonts/type1/public/amsfonts/cm/cmsy7.pfb></usr/share/texmf-dist/fonts/type1/public/amsfonts/cm/cmti9.pfb></usr/share/texmf-dist/fonts/type1/public/amsfonts/cm/cmtt9.pfb>
Output written on Report.pdf (4 pages, 970667 bytes).
PDF statistics:
 249 PDF objects out of 1000 (max. 8388607)
 193 compressed objects within 2 object streams
 40 named destinations out of 1000 (max. 500000)
 117 words of extra memory for PDF output out of 10000 (max. 10000000)

